Created by PLY version 3.11 (http://www.dabeaz.com/ply)

Unused terminals:

    AND
    ASSIGN
    BEGIN
    COND
    DIF
    ELSE
    END
    EQ
    FDEF
    GTE
    IF
    INTDIV
    LTE
    OR
    POW
    THEN

Grammar

Rule 0     S' -> multi_var
Rule 1     multi_var -> ID
Rule 2     multi_var -> NUM
Rule 3     multi_var -> STRING
Rule 4     multi_var -> CHAR

Terminals, with rules where they appear

AND                  : 
ASSIGN               : 
BEGIN                : 
CHAR                 : 4
COND                 : 
DIF                  : 
ELSE                 : 
END                  : 
EQ                   : 
FDEF                 : 
GTE                  : 
ID                   : 1
IF                   : 
INTDIV               : 
LTE                  : 
NUM                  : 2
OR                   : 
POW                  : 
STRING               : 3
THEN                 : 
error                : 

Nonterminals, with rules where they appear

multi_var            : 0

Parsing method: LALR

state 0

    (0) S' -> . multi_var
    (1) multi_var -> . ID
    (2) multi_var -> . NUM
    (3) multi_var -> . STRING
    (4) multi_var -> . CHAR

    ID              shift and go to state 2
    NUM             shift and go to state 3
    STRING          shift and go to state 4
    CHAR            shift and go to state 5

    multi_var                      shift and go to state 1

state 1

    (0) S' -> multi_var .



state 2

    (1) multi_var -> ID .

    $end            reduce using rule 1 (multi_var -> ID .)


state 3

    (2) multi_var -> NUM .

    $end            reduce using rule 2 (multi_var -> NUM .)


state 4

    (3) multi_var -> STRING .

    $end            reduce using rule 3 (multi_var -> STRING .)


state 5

    (4) multi_var -> CHAR .

    $end            reduce using rule 4 (multi_var -> CHAR .)

